<?xml version="1.0" encoding="UTF-8"?>
<testng-results ignored="0" total="1" passed="1" failed="0" skipped="0">
  <reporter-output>
  </reporter-output>
  <suite started-at="2023-10-26T10:36:13 IST" name="Default suite" finished-at="2023-10-26T10:36:33 IST" duration-ms="19308">
    <groups>
    </groups>
    <test started-at="2023-10-26T10:36:13 IST" name="Default test" finished-at="2023-10-26T10:36:33 IST" duration-ms="19308">
      <class name="Test_scipt.login_facebook">
        <test-method is-config="true" signature="test1()[pri:0, instance:Test_scipt.login_facebook@4b3a45f1]" started-at="2023-10-26T10:36:14 IST" name="test1" finished-at="2023-10-26T10:36:23 IST" duration-ms="9141" status="PASS">
          <reporter-output>
          </reporter-output>
        </test-method> <!-- test1 -->
        <test-method signature="tes12()[pri:0, instance:Test_scipt.login_facebook@4b3a45f1]" started-at="2023-10-26T10:36:23 IST" name="tes12" finished-at="2023-10-26T10:36:30 IST" duration-ms="7483" status="PASS">
          <reporter-output>
          </reporter-output>
        </test-method> <!-- tes12 -->
        <test-method is-config="true" signature="test2()[pri:0, instance:Test_scipt.login_facebook@4b3a45f1]" started-at="2023-10-26T10:36:30 IST" name="test2" finished-at="2023-10-26T10:36:33 IST" duration-ms="2627" status="PASS">
          <reporter-output>
          </reporter-output>
        </test-method> <!-- test2 -->
      </class> <!-- Test_scipt.login_facebook -->
    </test> <!-- Default test -->
  </suite> <!-- Default suite -->
</testng-results>
